{"contracts/Raffle.sol":{"l":{"55":3,"56":3,"57":3,"58":3,"59":3,"60":3,"61":3,"62":3,"67":15,"68":1,"70":14,"71":1,"73":13,"76":13,"98":10,"99":10,"100":10,"101":10,"102":10,"109":6,"110":6,"111":1,"117":5,"118":5,"125":5,"133":1,"134":1,"135":1,"136":1,"137":1,"138":1,"139":1,"141":1,"142":0,"144":1,"149":14,"153":1,"157":1,"161":4,"165":0,"169":1,"173":2,"177":0,"181":14},"path":"/Users/koenschipper/Documents/Ethereum-Coding/fcc-course/hardhat-smartcontract-lottery/contracts/Raffle.sol","s":{"1":3,"2":3,"3":3,"4":3,"5":3,"6":3,"7":3,"8":3,"9":15,"10":14,"11":13,"12":13,"13":10,"14":10,"15":10,"16":10,"17":10,"18":6,"19":6,"20":5,"21":5,"22":5,"23":1,"24":1,"25":1,"26":1,"27":1,"28":1,"29":1,"30":1,"31":1,"32":14,"33":1,"34":1,"35":4,"36":0,"37":1,"38":2,"39":0,"40":14},"b":{"1":[1,14],"2":[1,13],"3":[1,5],"4":[0,1]},"f":{"1":3,"2":15,"3":10,"4":6,"5":1,"6":14,"7":1,"8":1,"9":4,"10":0,"11":1,"12":2,"13":0,"14":14},"fnMap":{"1":{"name":"constructor","line":54,"loc":{"start":{"line":47,"column":4},"end":{"line":63,"column":4}}},"2":{"name":"enterRaffle","line":66,"loc":{"start":{"line":66,"column":4},"end":{"line":77,"column":4}}},"3":{"name":"checkUpkeep","line":88,"loc":{"start":{"line":88,"column":4},"end":{"line":103,"column":4}}},"4":{"name":"performUpkeep","line":106,"loc":{"start":{"line":106,"column":4},"end":{"line":126,"column":4}}},"5":{"name":"fulfillRandomWords","line":129,"loc":{"start":{"line":129,"column":4},"end":{"line":145,"column":4}}},"6":{"name":"getEntranceFee","line":148,"loc":{"start":{"line":148,"column":4},"end":{"line":150,"column":4}}},"7":{"name":"getPlayer","line":152,"loc":{"start":{"line":152,"column":4},"end":{"line":154,"column":4}}},"8":{"name":"getRecentWinner","line":156,"loc":{"start":{"line":156,"column":4},"end":{"line":158,"column":4}}},"9":{"name":"getRaffleState","line":160,"loc":{"start":{"line":160,"column":4},"end":{"line":162,"column":4}}},"10":{"name":"getNumWords","line":164,"loc":{"start":{"line":164,"column":4},"end":{"line":166,"column":4}}},"11":{"name":"getNumberOfPlayers","line":168,"loc":{"start":{"line":168,"column":4},"end":{"line":170,"column":4}}},"12":{"name":"getLatestTimeStamp","line":172,"loc":{"start":{"line":172,"column":4},"end":{"line":174,"column":4}}},"13":{"name":"getRequestConfirmations","line":176,"loc":{"start":{"line":176,"column":4},"end":{"line":178,"column":4}}},"14":{"name":"getInterval","line":180,"loc":{"start":{"line":180,"column":4},"end":{"line":182,"column":4}}}},"statementMap":{"1":{"start":{"line":55,"column":8},"end":{"line":55,"column":34}},"2":{"start":{"line":56,"column":8},"end":{"line":56,"column":69}},"3":{"start":{"line":57,"column":8},"end":{"line":57,"column":26}},"4":{"start":{"line":58,"column":8},"end":{"line":58,"column":40}},"5":{"start":{"line":59,"column":8},"end":{"line":59,"column":44}},"6":{"start":{"line":60,"column":8},"end":{"line":60,"column":39}},"7":{"start":{"line":61,"column":8},"end":{"line":61,"column":40}},"8":{"start":{"line":62,"column":8},"end":{"line":62,"column":28}},"9":{"start":{"line":67,"column":8},"end":{"line":67,"column":2328}},"10":{"start":{"line":70,"column":8},"end":{"line":70,"column":2429}},"11":{"start":{"line":73,"column":8},"end":{"line":73,"column":42}},"12":{"start":{"line":76,"column":8},"end":{"line":76,"column":36}},"13":{"start":{"line":98,"column":8},"end":{"line":98,"column":57}},"14":{"start":{"line":99,"column":8},"end":{"line":99,"column":76}},"15":{"start":{"line":100,"column":8},"end":{"line":100,"column":46}},"16":{"start":{"line":101,"column":8},"end":{"line":101,"column":51}},"17":{"start":{"line":102,"column":8},"end":{"line":102,"column":72}},"18":{"start":{"line":109,"column":8},"end":{"line":109,"column":47}},"19":{"start":{"line":110,"column":8},"end":{"line":110,"column":3859}},"20":{"start":{"line":117,"column":8},"end":{"line":117,"column":46}},"21":{"start":{"line":118,"column":8},"end":{"line":118,"column":4119}},"22":{"start":{"line":125,"column":8},"end":{"line":125,"column":44}},"23":{"start":{"line":133,"column":8},"end":{"line":133,"column":65}},"24":{"start":{"line":134,"column":8},"end":{"line":134,"column":63}},"25":{"start":{"line":135,"column":8},"end":{"line":135,"column":36}},"26":{"start":{"line":136,"column":8},"end":{"line":136,"column":39}},"27":{"start":{"line":137,"column":8},"end":{"line":137,"column":43}},"28":{"start":{"line":138,"column":8},"end":{"line":138,"column":40}},"29":{"start":{"line":139,"column":8},"end":{"line":139,"column":78}},"30":{"start":{"line":141,"column":8},"end":{"line":141,"column":4957}},"31":{"start":{"line":144,"column":8},"end":{"line":144,"column":39}},"32":{"start":{"line":149,"column":8},"end":{"line":149,"column":28}},"33":{"start":{"line":153,"column":8},"end":{"line":153,"column":31}},"34":{"start":{"line":157,"column":8},"end":{"line":157,"column":29}},"35":{"start":{"line":161,"column":8},"end":{"line":161,"column":28}},"36":{"start":{"line":165,"column":8},"end":{"line":165,"column":24}},"37":{"start":{"line":169,"column":8},"end":{"line":169,"column":31}},"38":{"start":{"line":173,"column":8},"end":{"line":173,"column":30}},"39":{"start":{"line":177,"column":8},"end":{"line":177,"column":36}},"40":{"start":{"line":181,"column":8},"end":{"line":181,"column":25}}},"branchMap":{"1":{"line":67,"type":"if","locations":[{"start":{"line":67,"column":8},"end":{"line":67,"column":8}},{"start":{"line":67,"column":8},"end":{"line":67,"column":8}}]},"2":{"line":70,"type":"if","locations":[{"start":{"line":70,"column":8},"end":{"line":70,"column":8}},{"start":{"line":70,"column":8},"end":{"line":70,"column":8}}]},"3":{"line":110,"type":"if","locations":[{"start":{"line":110,"column":8},"end":{"line":110,"column":8}},{"start":{"line":110,"column":8},"end":{"line":110,"column":8}}]},"4":{"line":141,"type":"if","locations":[{"start":{"line":141,"column":8},"end":{"line":141,"column":8}},{"start":{"line":141,"column":8},"end":{"line":141,"column":8}}]}}},"contracts/test/VRFCoordinatorV2Mock.sol":{"l":{},"path":"/Users/koenschipper/Documents/Ethereum-Coding/fcc-course/hardhat-smartcontract-lottery/contracts/test/VRFCoordinatorV2Mock.sol","s":{},"b":{},"f":{},"fnMap":{},"statementMap":{},"branchMap":{}}}