TN:
SF:/Users/koenschipper/Documents/Ethereum-Coding/fcc-course/hardhat-smartcontract-lottery/contracts/Raffle.sol
FN:54,constructor
FN:66,enterRaffle
FN:88,checkUpkeep
FN:106,performUpkeep
FN:129,fulfillRandomWords
FN:148,getEntranceFee
FN:152,getPlayer
FN:156,getRecentWinner
FN:160,getRaffleState
FN:164,getNumWords
FN:168,getNumberOfPlayers
FN:172,getLatestTimeStamp
FN:176,getRequestConfirmations
FN:180,getInterval
FNF:14
FNH:12
FNDA:3,constructor
FNDA:15,enterRaffle
FNDA:10,checkUpkeep
FNDA:6,performUpkeep
FNDA:1,fulfillRandomWords
FNDA:14,getEntranceFee
FNDA:1,getPlayer
FNDA:1,getRecentWinner
FNDA:4,getRaffleState
FNDA:0,getNumWords
FNDA:1,getNumberOfPlayers
FNDA:2,getLatestTimeStamp
FNDA:0,getRequestConfirmations
FNDA:14,getInterval
DA:55,3
DA:56,3
DA:57,3
DA:58,3
DA:59,3
DA:60,3
DA:61,3
DA:62,3
DA:67,15
DA:68,1
DA:70,14
DA:71,1
DA:73,13
DA:76,13
DA:98,10
DA:99,10
DA:100,10
DA:101,10
DA:102,10
DA:109,6
DA:110,6
DA:111,1
DA:117,5
DA:118,5
DA:125,5
DA:133,1
DA:134,1
DA:135,1
DA:136,1
DA:137,1
DA:138,1
DA:139,1
DA:141,1
DA:142,0
DA:144,1
DA:149,14
DA:153,1
DA:157,1
DA:161,4
DA:165,0
DA:169,1
DA:173,2
DA:177,0
DA:181,14
LF:44
LH:41
BRDA:67,1,0,1
BRDA:67,1,1,14
BRDA:70,2,0,1
BRDA:70,2,1,13
BRDA:110,3,0,1
BRDA:110,3,1,5
BRDA:141,4,0,0
BRDA:141,4,1,1
BRF:8
BRH:7
end_of_record
TN:
SF:/Users/koenschipper/Documents/Ethereum-Coding/fcc-course/hardhat-smartcontract-lottery/contracts/test/VRFCoordinatorV2Mock.sol
FNF:0
FNH:0
LF:0
LH:0
BRF:0
BRH:0
end_of_record
